% time     seconds  usecs/call     calls    errors syscall
------ ----------- ----------- --------- --------- ----------------
 98.61    0.240000       80000         3         2 wait4
  0.74    0.001807           1      1713      1236 open
  0.46    0.001116           9       127           mmap2
  0.07    0.000160           0       484           close
  0.06    0.000156           1       241           brk
  0.06    0.000151           0       468           fstat
  0.00    0.000000           0        48           read
  0.00    0.000000           0        16           write
  0.00    0.000000           0         2           execve
  0.00    0.000000           0         1           getpid
  0.00    0.000000           0         5         5 access
  0.00    0.000000           0         8         3 ioctl
  0.00    0.000000           0         1           fcntl
  0.00    0.000000           0         4           dup2
  0.00    0.000000           0         1           getppid
  0.00    0.000000           0        20           gettimeofday
  0.00    0.000000           0        45           munmap
  0.00    0.000000           0         2           stat
  0.00    0.000000           0         2           clone
  0.00    0.000000           0         2           uname
  0.00    0.000000           0         9           mprotect
  0.00    0.000000           0        10           _llseek
  0.00    0.000000           0         1           sched_getparam
  0.00    0.000000           0         1           sched_getscheduler
  0.00    0.000000           0         3           sched_get_priority_max
  0.00    0.000000           0         2           sched_get_priority_min
  0.00    0.000000           0        27           poll
  0.00    0.000000           0         1           prctl
  0.00    0.000000           0        26           rt_sigaction
  0.00    0.000000           0         1           rt_sigprocmask
  0.00    0.000000           0         1           getrlimit
  0.00    0.000000           0        44         3 stat64
  0.00    0.000000           0        19           fstat64
  0.00    0.000000           0         3           getuid32
  0.00    0.000000           0         1           getgid32
  0.00    0.000000           0         1           geteuid32
  0.00    0.000000           0         1           getegid32
  0.00    0.000000           0         2           getdents64
  0.00    0.000000           0         6           fcntl64
  0.00    0.000000           0        22         1 futex
  0.00    0.000000           0         1           set_tid_address
  0.00    0.000000           0        52           clock_gettime
  0.00    0.000000           0         2           clock_getres
  0.00    0.000000           0         1           socketpair
  0.00    0.000000           0         2           set_robust_list
  0.00    0.000000           0         1           eventfd
------ ----------- ----------- --------- --------- ----------------
100.00    0.243390                  3433      1250 total
System call usage summary for 32 bit mode:
% time     seconds  usecs/call     calls    errors syscall
------ ----------- ----------- --------- --------- ----------------
   nan    0.000000           0         2           set_tls
------ ----------- ----------- --------- --------- ----------------
100.00    0.000000                     2           total
